
synthesis -f "counter_counter_impl_lattice.synproj"
synthesis:  version Diamond (64-bit) 3.11.0.396.4

Copyright (c) 1991-1994 by NeoCAD Inc. All rights reserved.
Copyright (c) 1995 AT&T Corp.   All rights reserved.
Copyright (c) 1995-2001 Lucent Technologies Inc.  All rights reserved.
Copyright (c) 2001 Agere Systems   All rights reserved.
Copyright (c) 2002-2019 Lattice Semiconductor Corporation,  All rights reserved.
Sun Sep 20 00:19:33 2020


Command Line:  synthesis -f counter_counter_impl_lattice.synproj -gui 

    <postMsg mid="35002000" type="Info"    dynamic="0" navigation="0"  />
Synthesis options:
The -a option is MachXO2.
The -s option is 4.
The -t option is TQFP144.
The -d option is LCMXO2-7000HE.
Using package TQFP144.
Using performance grade 4.
                                                          

##########################################################

### Lattice Family : MachXO2

### Device  : LCMXO2-7000HE

### Package : TQFP144

### Speed   : 4

##########################################################

                                                          

    <postMsg mid="35001781" type="Info"    dynamic="0" navigation="0"  />
Optimization goal = Balanced
Top-level module name = led.
Target frequency = 200.000000 MHz.
Maximum fanout = 1000.
Timing path count = 3
BRAM utilization = 100.000000 %
DSP usage = true
DSP utilization = 100.000000 %
fsm_encoding_style = auto
resolve_mixed_drivers = 0
fix_gated_clocks = 1

Mux style = Auto
Use Carry Chain = true
carry_chain_length = 0
Loop Limit = 1950.
Use IO Insertion = TRUE
Use IO Reg = AUTO

Resource Sharing = TRUE
Propagate Constants = TRUE
Remove Duplicate Registers = TRUE
force_gsr = auto
ROM style = auto
RAM style = auto
The -comp option is FALSE.
The -syn option is FALSE.
-p C:/lscc/diamond/3.11_x64/ispfpga/xo2c00/data (searchpath added)
-p C:/Users/Eduard/Documents/GitHub/fpga/counter/counter_impl (searchpath added)
-p C:/Users/Eduard/Documents/GitHub/fpga/counter (searchpath added)
VHDL library = work
VHDL design file = C:/Users/Eduard/Documents/GitHub/fpga/counter/counter.vhd
NGD file = counter_counter_impl.ngd
-sdc option: SDC file input not used.
-lpf option: Output file option is ON.
Hardtimer checking is enabled (default). The -dt option is not used.
The -r option is OFF. [ Remove LOC Properties is OFF. ]
Technology check ok...

Analyzing Verilog file C:/lscc/diamond/3.11_x64/ispfpga/userware/NT/SYNTHESIS_HEADERS/machxo2.v. VERI-1482
Compile design.
Compile Design Begin
    <postMsg mid="35921504" type="Info"    dynamic="2" navigation="0" arg0="" arg1="C:/Users/Eduard/Documents/GitHub/fpga/counter/counter_impl"  />
Analyzing VHDL file c:/users/eduard/documents/github/fpga/counter/counter.vhd. VHDL-1481
    <postMsg mid="35921012" type="Info"    dynamic="2" navigation="2" arg0="c:/users/eduard/documents/github/fpga/counter/counter.vhd(5): " arg1="led" arg2="c:/users/eduard/documents/github/fpga/counter/counter.vhd" arg3="5"  />
    <postMsg mid="35921010" type="Info"    dynamic="2" navigation="2" arg0="c:/users/eduard/documents/github/fpga/counter/counter.vhd(13): " arg1="rtl" arg2="c:/users/eduard/documents/github/fpga/counter/counter.vhd" arg3="13"  />
unit led is not yet analyzed. VHDL-1485
unit led is not yet analyzed. VHDL-1485
c:/users/eduard/documents/github/fpga/counter/counter.vhd(5): executing led(RTL)

    <postMsg mid="35921205" type="Warning" dynamic="3" navigation="2" arg0="c:/users/eduard/documents/github/fpga/counter/counter.vhd(11): " arg1="led" arg2="RTL" arg3="c:/users/eduard/documents/github/fpga/counter/counter.vhd" arg4="11"  />
Top module name (VHDL): led
Last elaborated design is led(RTL)
Loading NGL library 'C:/lscc/diamond/3.11_x64/ispfpga/xo2c00a/data/xo2alib.ngl'...
Loading NGL library 'C:/lscc/diamond/3.11_x64/ispfpga/xo2c00/data/xo2clib.ngl'...
Loading NGL library 'C:/lscc/diamond/3.11_x64/ispfpga/mg5g00/data/mg5glib.ngl'...
Loading NGL library 'C:/lscc/diamond/3.11_x64/ispfpga/or5g00/data/orc5glib.ngl'...
Loading device for application map from file 'xo2c7000.nph' in environment: C:/lscc/diamond/3.11_x64/ispfpga.
Package Status:                     Final          Version 1.39.
Top-level module name = led.



GSR will not be inferred because no asynchronous signal was found in the netlist.
Applying 200.000000 MHz constraint to all clocks

    <postMsg mid="35001611" type="Warning" dynamic="0" navigation="0"  />
Results of NGD DRC are available in led_drc.log.
Loading NGL library 'C:/lscc/diamond/3.11_x64/ispfpga/xo2c00a/data/xo2alib.ngl'...
Loading NGL library 'C:/lscc/diamond/3.11_x64/ispfpga/xo2c00/data/xo2clib.ngl'...
Loading NGL library 'C:/lscc/diamond/3.11_x64/ispfpga/mg5g00/data/mg5glib.ngl'...
Loading NGL library 'C:/lscc/diamond/3.11_x64/ispfpga/or5g00/data/orc5glib.ngl'...


Running DRC...

DRC complete with no errors or warnings

Design Results:
     70 blocks expanded
completed the first expansion
All blocks are expanded and NGD expansion is successful.
Writing NGD file counter_counter_impl.ngd.

################### Begin Area Report (led)######################
Number of register bits => 40 of 7209 (0 % )
CCU2D => 17
FD1S3AX => 9
FD1S3AY => 31
GSR => 1
IB => 1
OB => 8
################### End Area Report ##################

################### Begin BlackBox Report ######################
TSALL => 1
################### End BlackBox Report ##################

################### Begin Clock Report ######################
Clock Nets
Number of Clocks: 1
  Net : clk_c, loads : 40
Clock Enable Nets
Number of Clock Enables: 0
Top 0 highest fanout Clock Enables:
Highest fanout non-clock nets
Top 10 highest fanout non-clock nets:
  Net : leds_7_N_1_31, loads : 2
  Net : leds_7_N_1_30, loads : 2
  Net : leds_7_N_1_29, loads : 2
  Net : leds_7_N_1_28, loads : 2
  Net : leds_7_N_1_27, loads : 2
  Net : leds_7_N_1_26, loads : 2
  Net : leds_7_N_1_25, loads : 2
  Net : leds_7_N_1_24, loads : 2
  Net : leds_c_7, loads : 1
  Net : leds_c_6, loads : 1
################### End Clock Report ##################

Timing Report Summary
--------------
--------------------------------------------------------------------------------
Constraint                              |   Constraint|       Actual|Levels
--------------------------------------------------------------------------------
                                        |             |             |
create_clock -period 5.000000 -name     |             |             |
clk0 [get_nets clk_c]                   |  200.000 MHz|  140.233 MHz|    18 *
                                        |             |             |
--------------------------------------------------------------------------------


1 constraints not met.


Peak Memory Usage: 74.141  MB

--------------------------------------------------------------
Elapsed CPU time for LSE flow : 0.688  secs
--------------------------------------------------------------

map -a "MachXO2" -p LCMXO2-7000HE -t TQFP144 -s 4 -oc Industrial   "counter_counter_impl.ngd" -o "counter_counter_impl_map.ncd" -pr "counter_counter_impl.prf" -mp "counter_counter_impl.mrp" -lpf "C:/Users/Eduard/Documents/GitHub/fpga/counter/counter_impl/counter_counter_impl.lpf" -lpf "C:/Users/Eduard/Documents/GitHub/fpga/counter/counter.lpf" -c 0           
map:  version Diamond (64-bit) 3.11.0.396.4

Copyright (c) 1991-1994 by NeoCAD Inc. All rights reserved.
Copyright (c) 1995 AT&T Corp.   All rights reserved.
Copyright (c) 1995-2001 Lucent Technologies Inc.  All rights reserved.
Copyright (c) 2001 Agere Systems   All rights reserved.
Copyright (c) 2002-2019 Lattice Semiconductor Corporation,  All rights reserved.
   Process the file: counter_counter_impl.ngd
   Picdevice="LCMXO2-7000HE"

   Pictype="TQFP144"

   Picspeed=4

   Remove unused logic

   Do not produce over sized NCDs.

Part used: LCMXO2-7000HETQFP144, Performance used: 4.

Loading device for application map from file 'xo2c7000.nph' in environment: C:/lscc/diamond/3.11_x64/ispfpga.
Package Status:                     Final          Version 1.39.

Running general design DRC...

Removing unused logic...

Optimizing...




Design Summary:
   Number of registers:     40 out of  7209 (1%)
      PFU registers:           40 out of  6864 (1%)
      PIO registers:            0 out of   345 (0%)
   Number of SLICEs:        20 out of  3432 (1%)
      SLICEs as Logic/ROM:     20 out of  3432 (1%)
      SLICEs as RAM:            0 out of  2574 (0%)
      SLICEs as Carry:         17 out of  3432 (0%)
   Number of LUT4s:         34 out of  6864 (0%)
      Number used as logic LUTs:          0
      Number used as distributed RAM:     0
      Number used as ripple logic:       34
      Number used as shift registers:     0
   Number of PIO sites used: 9 + 4(JTAG) out of 115 (11%)
   Number of block RAMs:  0 out of 26 (0%)
   Number of GSRs:        0 out of 1 (0%)
   EFB used :        No
   JTAG used :       No
   Readback used :   No
   Oscillator used : No
   Startup used :    No
   POR :             On
   Bandgap :         On
   Number of Power Controller:  0 out of 1 (0%)
   Number of Dynamic Bank Controller (BCINRD):  0 out of 6 (0%)
   Number of Dynamic Bank Controller (BCLVDSO):  0 out of 1 (0%)
   Number of DCCA:  0 out of 8 (0%)
   Number of DCMA:  0 out of 2 (0%)
   Number of PLLs:  0 out of 2 (0%)
   Number of DQSDLLs:  0 out of 2 (0%)
   Number of CLKDIVC:  0 out of 4 (0%)
   Number of ECLKSYNCA:  0 out of 4 (0%)
   Number of ECLKBRIDGECS:  0 out of 2 (0%)
   Notes:-
      1. Total number of LUT4s = (Number of logic LUT4s) + 2*(Number of distributed RAMs) + 2*(Number of ripple logic)
      2. Number of logic LUT4s does not include count of distributed RAM and ripple logic.
   Number of clocks:  1
     Net clk_c: 20 loads, 20 rising, 0 falling (Driver: PIO clk )
   Number of Clock Enables:  0
   Number of LSRs:  0
   Number of nets driven by tri-state buffers:  0
   Top 10 highest fanout non-clock nets:
     Net leds_7_N_1_24: 2 loads
     Net leds_7_N_1_25: 2 loads
     Net leds_7_N_1_26: 2 loads
     Net leds_7_N_1_27: 2 loads
     Net leds_7_N_1_28: 2 loads
     Net leds_7_N_1_29: 2 loads
     Net leds_7_N_1_30: 2 loads
     Net leds_7_N_1_31: 2 loads
     Net count_1: 1 loads
     Net count_2: 1 loads
 

   Number of warnings:  0
   Number of errors:    0



Total CPU Time: 0 secs  
Total REAL Time: 0 secs  
Peak Memory Usage: 58 MB

Dumping design to file counter_counter_impl_map.ncd.

ncd2vdb "counter_counter_impl_map.ncd" ".vdbs/counter_counter_impl_map.vdb"

Loading device for application ncd2vdb from file 'xo2c7000.nph' in environment: C:/lscc/diamond/3.11_x64/ispfpga.

trce -f "counter_counter_impl.mt" -o "counter_counter_impl.tw1" "counter_counter_impl_map.ncd" "counter_counter_impl.prf"
trce:  version Diamond (64-bit) 3.11.0.396.4

Copyright (c) 1991-1994 by NeoCAD Inc. All rights reserved.
Copyright (c) 1995 AT&T Corp.   All rights reserved.
Copyright (c) 1995-2001 Lucent Technologies Inc.  All rights reserved.
Copyright (c) 2001 Agere Systems   All rights reserved.
Copyright (c) 2002-2019 Lattice Semiconductor Corporation,  All rights reserved.

Loading design for application trce from file counter_counter_impl_map.ncd.
Design name: led
NCD version: 3.3
Vendor:      LATTICE
Device:      LCMXO2-7000HE
Package:     TQFP144
Performance: 4
Loading device for application trce from file 'xo2c7000.nph' in environment: C:/lscc/diamond/3.11_x64/ispfpga.
Package Status:                     Final          Version 1.39.
Performance Hardware Data Status:   Final          Version 34.4.
Setup and Hold Report

--------------------------------------------------------------------------------
Lattice TRACE Report - Setup, Version Diamond (64-bit) 3.11.0.396.4
Sun Sep 20 00:19:35 2020

Copyright (c) 1991-1994 by NeoCAD Inc. All rights reserved.
Copyright (c) 1995 AT&T Corp.   All rights reserved.
Copyright (c) 1995-2001 Lucent Technologies Inc.  All rights reserved.
Copyright (c) 2001 Agere Systems   All rights reserved.
Copyright (c) 2002-2019 Lattice Semiconductor Corporation,  All rights reserved.

Report Information
------------------
Command line:    trce -v 1 -gt -mapchkpnt 0 -sethld -o counter_counter_impl.tw1 -gui counter_counter_impl_map.ncd counter_counter_impl.prf 
Design file:     counter_counter_impl_map.ncd
Preference file: counter_counter_impl.prf
Device,speed:    LCMXO2-7000HE,4
Report level:    verbose report, limited to 1 item per preference
--------------------------------------------------------------------------------

BLOCK ASYNCPATHS
BLOCK RESETPATHS
--------------------------------------------------------------------------------



Timing summary (Setup):
---------------

Timing errors: 0  Score: 0
Cumulative negative slack: 0

Constraints cover 756 paths, 1 nets, and 108 connections (93.10% coverage)

--------------------------------------------------------------------------------
Lattice TRACE Report - Hold, Version Diamond (64-bit) 3.11.0.396.4
Sun Sep 20 00:19:35 2020

Copyright (c) 1991-1994 by NeoCAD Inc. All rights reserved.
Copyright (c) 1995 AT&T Corp.   All rights reserved.
Copyright (c) 1995-2001 Lucent Technologies Inc.  All rights reserved.
Copyright (c) 2001 Agere Systems   All rights reserved.
Copyright (c) 2002-2019 Lattice Semiconductor Corporation,  All rights reserved.

Report Information
------------------
Command line:    trce -v 1 -gt -mapchkpnt 0 -sethld -o counter_counter_impl.tw1 -gui counter_counter_impl_map.ncd counter_counter_impl.prf 
Design file:     counter_counter_impl_map.ncd
Preference file: counter_counter_impl.prf
Device,speed:    LCMXO2-7000HE,M
Report level:    verbose report, limited to 1 item per preference
--------------------------------------------------------------------------------

BLOCK ASYNCPATHS
BLOCK RESETPATHS
--------------------------------------------------------------------------------



Timing summary (Hold):
---------------

Timing errors: 0  Score: 0
Cumulative negative slack: 0

Constraints cover 756 paths, 1 nets, and 108 connections (93.10% coverage)



Timing summary (Setup and Hold):
---------------

Timing errors: 0 (setup), 0 (hold)
Score: 0 (setup), 0 (hold)
Cumulative negative slack: 0 (0+0)
--------------------------------------------------------------------------------

--------------------------------------------------------------------------------

Total CPU Time: 0 secs 
Total REAL Time: 0 secs 
Peak Memory Usage: 66 MB


mpartrce -p "counter_counter_impl.p2t" -f "counter_counter_impl.p3t" -tf "counter_counter_impl.pt" "counter_counter_impl_map.ncd" "counter_counter_impl.ncd"

---- MParTrce Tool ----
Removing old design directory at request of -rem command line option to this program.
Running par. Please wait . . .

Lattice Place and Route Report for Design "counter_counter_impl_map.ncd"
Sun Sep 20 00:19:36 2020

PAR: Place And Route Diamond (64-bit) 3.11.0.396.4.
Command Line: par -w -l 5 -i 6 -t 1 -c 0 -e 0 -gui -exp parUseNBR=1:parCDP=0:parCDR=0:parPathBased=OFF counter_counter_impl_map.ncd counter_counter_impl.dir/5_1.ncd counter_counter_impl.prf
Preference file: counter_counter_impl.prf.
Placement level-cost: 5-1.
Routing Iterations: 6

Loading design for application par from file counter_counter_impl_map.ncd.
Design name: led
NCD version: 3.3
Vendor:      LATTICE
Device:      LCMXO2-7000HE
Package:     TQFP144
Performance: 4
Loading device for application par from file 'xo2c7000.nph' in environment: C:/lscc/diamond/3.11_x64/ispfpga.
Package Status:                     Final          Version 1.39.
Performance Hardware Data Status:   Final          Version 34.4.
License checked out.


Ignore Preference Error(s):  True
Device utilization summary:

   PIO (prelim)    9+4(JTAG)/336     4% used
                   9+4(JTAG)/115     11% bonded

   SLICE             20/3432         <1% used



Number of Signals: 89
Number of Connections: 116

Pin Constraint Summary:
   8 out of 9 pins locked (88% locked).

The following 1 signal is selected to use the primary clock routing resources:
    clk_c (driver: clk, clk load #: 20)


No signal is selected as secondary clock.

No signal is selected as Global Set/Reset.
Starting Placer Phase 0.
............
Finished Placer Phase 0.  REAL time: 0 secs 

Starting Placer Phase 1.
...................
Placer score = 2095.
Finished Placer Phase 1.  REAL time: 3 secs 

Starting Placer Phase 2.
.
Placer score =  2036
Finished Placer Phase 2.  REAL time: 3 secs 


------------------ Clock Report ------------------

Global Clock Resources:
  CLK_PIN    : 1 out of 8 (12%)
  PLL        : 0 out of 2 (0%)
  DCM        : 0 out of 2 (0%)
  DCC        : 0 out of 8 (0%)

Global Clocks:
  PRIMARY "clk_c" from comp "clk" on CLK_PIN site "55 (PB23A)", clk load = 20

  PRIMARY  : 1 out of 8 (12%)
  SECONDARY: 0 out of 8 (0%)

Edge Clocks:
  No edge clock selected.

--------------- End of Clock Report ---------------


I/O Usage Summary (final):
   9 + 4(JTAG) out of 336 (3.9%) PIO sites used.
   9 + 4(JTAG) out of 115 (11.3%) bonded PIO sites used.
   Number of PIO comps: 9; differential: 0.
   Number of Vref pins used: 0.

I/O Bank Usage Summary:
+----------+---------------+------------+-----------+
| I/O Bank | Usage         | Bank Vccio | Bank Vref |
+----------+---------------+------------+-----------+
| 0        | 0 / 28 (  0%) | -          | -         |
| 1        | 8 / 29 ( 27%) | 2.5V       | -         |
| 2        | 1 / 29 (  3%) | 2.5V       | -         |
| 3        | 0 / 9 (  0%)  | -          | -         |
| 4        | 0 / 10 (  0%) | -          | -         |
| 5        | 0 / 10 (  0%) | -          | -         |
+----------+---------------+------------+-----------+

Total placer CPU time: 3 secs 

Dumping design to file counter_counter_impl.dir/5_1.ncd.

0 connections routed; 116 unrouted.
Starting router resource preassignment

Completed router resource preassignment. Real time: 5 secs 

Start NBR router at 00:19:41 09/20/20

*****************************************************************
Info: NBR allows conflicts(one node used by more than one signal)
      in the earlier iterations. In each iteration, it tries to  
      solve the conflicts while keeping the critical connections 
      routed as short as possible. The routing process is said to
      be completed when no conflicts exist and all connections   
      are routed.                                                
Note: NBR uses a different method to calculate timing slacks. The
      worst slack and total negative slack may not be the same as
      that in TRCE report. You should always run TRCE to verify  
      your design.                                               
*****************************************************************

Start NBR special constraint process at 00:19:41 09/20/20

Start NBR section for initial routing at 00:19:41 09/20/20
Level 4, iteration 1
0(0.00%) conflict; 0(0.00%) untouched conn; 0 (nbr) score; 0 (nbr) score; real time: 5 secs 

Info: Initial congestion level at 75% usage is 0
Info: Initial congestion area  at 75% usage is 0 (0.00%)

Start NBR section for normal routing at 00:19:41 09/20/20
Level 4, iteration 1
0(0.00%) conflict; 0(0.00%) untouched conn; 0 (nbr) score; 0 (nbr) score; real time: 5 secs 

Start NBR section for setup/hold timing optimization with effort level 3 at 00:19:41 09/20/20

Start NBR section for re-routing at 00:19:41 09/20/20
Level 4, iteration 1
0(0.00%) conflict; 0(0.00%) untouched conn; 0 (nbr) score; 0 (nbr) score; real time: 5 secs 

Start NBR section for post-routing at 00:19:41 09/20/20

End NBR router with 0 unrouted connection

NBR Summary
-----------
  Number of unrouted connections : 0 (0.00%)
  Number of connections with timing violations : 0 (0.00%)
  Estimated worst slack<setup> : <n/a>
  Timing score<setup> : 0
-----------
Notes: The timing info is calculated for SETUP only and all PAR_ADJs are ignored.



Total CPU time 5 secs 
Total REAL time: 5 secs 
Completely routed.
End of route.  116 routed (100.00%); 0 unrouted.

Hold time timing score: 0, hold timing errors: 0

Timing score: 0 

Dumping design to file counter_counter_impl.dir/5_1.ncd.


PAR_SUMMARY::Run status = Completed
PAR_SUMMARY::Number of unrouted conns = 0
PAR_SUMMARY::Worst  slack<setup/<ns>> = 999993.299
PAR_SUMMARY::Timing score<setup/<ns>> = 0.000
PAR_SUMMARY::Worst  slack<hold /<ns>> = 0.369
PAR_SUMMARY::Timing score<hold /<ns>> = 0.000
PAR_SUMMARY::Number of errors = 0

Total CPU  time to completion: 5 secs 
Total REAL time to completion: 5 secs 

par done!

Note: user must run 'Trace' for timing closure signoff.

Copyright (c) 1991-1994 by NeoCAD Inc. All rights reserved.
Copyright (c) 1995 AT&T Corp.   All rights reserved.
Copyright (c) 1995-2001 Lucent Technologies Inc.  All rights reserved.
Copyright (c) 2001 Agere Systems   All rights reserved.
Copyright (c) 2002-2019 Lattice Semiconductor Corporation,  All rights reserved.
Exiting par with exit code 0
Exiting mpartrce with exit code 0

trce -f "counter_counter_impl.pt" -o "counter_counter_impl.twr" "counter_counter_impl.ncd" "counter_counter_impl.prf"
trce:  version Diamond (64-bit) 3.11.0.396.4

Copyright (c) 1991-1994 by NeoCAD Inc. All rights reserved.
Copyright (c) 1995 AT&T Corp.   All rights reserved.
Copyright (c) 1995-2001 Lucent Technologies Inc.  All rights reserved.
Copyright (c) 2001 Agere Systems   All rights reserved.
Copyright (c) 2002-2019 Lattice Semiconductor Corporation,  All rights reserved.

Loading design for application trce from file counter_counter_impl.ncd.
Design name: led
NCD version: 3.3
Vendor:      LATTICE
Device:      LCMXO2-7000HE
Package:     TQFP144
Performance: 4
Loading device for application trce from file 'xo2c7000.nph' in environment: C:/lscc/diamond/3.11_x64/ispfpga.
Package Status:                     Final          Version 1.39.
Performance Hardware Data Status:   Final          Version 34.4.
Setup and Hold Report

--------------------------------------------------------------------------------
Lattice TRACE Report - Setup, Version Diamond (64-bit) 3.11.0.396.4
Sun Sep 20 00:19:42 2020

Copyright (c) 1991-1994 by NeoCAD Inc. All rights reserved.
Copyright (c) 1995 AT&T Corp.   All rights reserved.
Copyright (c) 1995-2001 Lucent Technologies Inc.  All rights reserved.
Copyright (c) 2001 Agere Systems   All rights reserved.
Copyright (c) 2002-2019 Lattice Semiconductor Corporation,  All rights reserved.

Report Information
------------------
Command line:    trce -v 10 -gt -sethld -sp 4 -sphld m -o counter_counter_impl.twr -gui counter_counter_impl.ncd counter_counter_impl.prf 
Design file:     counter_counter_impl.ncd
Preference file: counter_counter_impl.prf
Device,speed:    LCMXO2-7000HE,4
Report level:    verbose report, limited to 10 items per preference
--------------------------------------------------------------------------------

BLOCK ASYNCPATHS
BLOCK RESETPATHS
--------------------------------------------------------------------------------



Timing summary (Setup):
---------------

Timing errors: 0  Score: 0
Cumulative negative slack: 0

Constraints cover 756 paths, 1 nets, and 108 connections (93.10% coverage)

--------------------------------------------------------------------------------
Lattice TRACE Report - Hold, Version Diamond (64-bit) 3.11.0.396.4
Sun Sep 20 00:19:42 2020

Copyright (c) 1991-1994 by NeoCAD Inc. All rights reserved.
Copyright (c) 1995 AT&T Corp.   All rights reserved.
Copyright (c) 1995-2001 Lucent Technologies Inc.  All rights reserved.
Copyright (c) 2001 Agere Systems   All rights reserved.
Copyright (c) 2002-2019 Lattice Semiconductor Corporation,  All rights reserved.

Report Information
------------------
Command line:    trce -v 10 -gt -sethld -sp 4 -sphld m -o counter_counter_impl.twr -gui counter_counter_impl.ncd counter_counter_impl.prf 
Design file:     counter_counter_impl.ncd
Preference file: counter_counter_impl.prf
Device,speed:    LCMXO2-7000HE,m
Report level:    verbose report, limited to 10 items per preference
--------------------------------------------------------------------------------

BLOCK ASYNCPATHS
BLOCK RESETPATHS
--------------------------------------------------------------------------------



Timing summary (Hold):
---------------

Timing errors: 0  Score: 0
Cumulative negative slack: 0

Constraints cover 756 paths, 1 nets, and 108 connections (93.10% coverage)



Timing summary (Setup and Hold):
---------------

Timing errors: 0 (setup), 0 (hold)
Score: 0 (setup), 0 (hold)
Cumulative negative slack: 0 (0+0)
--------------------------------------------------------------------------------

--------------------------------------------------------------------------------

Total CPU Time: 0 secs 
Total REAL Time: 0 secs 
Peak Memory Usage: 66 MB


iotiming  "counter_counter_impl.ncd" "counter_counter_impl.prf"
I/O Timing Report:
:  version Diamond (64-bit) 3.11.0.396.4

Copyright (c) 1991-1994 by NeoCAD Inc. All rights reserved.
Copyright (c) 1995 AT&T Corp.   All rights reserved.
Copyright (c) 1995-2001 Lucent Technologies Inc.  All rights reserved.
Copyright (c) 2001 Agere Systems   All rights reserved.
Copyright (c) 2002-2019 Lattice Semiconductor Corporation,  All rights reserved.

Loading design for application iotiming from file counter_counter_impl.ncd.
Design name: led
NCD version: 3.3
Vendor:      LATTICE
Device:      LCMXO2-7000HE
Package:     TQFP144
Performance: 4
Loading device for application iotiming from file 'xo2c7000.nph' in environment: C:/lscc/diamond/3.11_x64/ispfpga.
Package Status:                     Final          Version 1.39.
Performance Hardware Data Status:   Final          Version 34.4.
Running Performance Grade: 4
Computing Setup Time ...
Computing Max Clock to Output Delay ...
Computing Hold Time ...
Computing Min Clock to Output Delay ...

Loading design for application iotiming from file counter_counter_impl.ncd.
Design name: led
NCD version: 3.3
Vendor:      LATTICE
Device:      LCMXO2-7000HE
Package:     TQFP144
Performance: 5
Package Status:                     Final          Version 1.39.
Performance Hardware Data Status:   Final          Version 34.4.
Running Performance Grade: 5
Computing Setup Time ...
Computing Max Clock to Output Delay ...
Computing Hold Time ...
Computing Min Clock to Output Delay ...

Loading design for application iotiming from file counter_counter_impl.ncd.
Design name: led
NCD version: 3.3
Vendor:      LATTICE
Device:      LCMXO2-7000HE
Package:     TQFP144
Performance: 6
Package Status:                     Final          Version 1.39.
Performance Hardware Data Status:   Final          Version 34.4.
Running Performance Grade: 6
Computing Setup Time ...
Computing Max Clock to Output Delay ...
Computing Hold Time ...
Computing Min Clock to Output Delay ...

Loading design for application iotiming from file counter_counter_impl.ncd.
Design name: led
NCD version: 3.3
Vendor:      LATTICE
Device:      LCMXO2-7000HE
Package:     TQFP144
Performance: M
Package Status:                     Final          Version 1.39.
Performance Hardware Data Status:   Final          Version 34.4.
Running Performance Grade: M
Computing Setup Time ...
Computing Max Clock to Output Delay ...
Computing Hold Time ...
Computing Min Clock to Output Delay ...
Done.

tmcheck -par "counter_counter_impl.par" 

bitgen -f "counter_counter_impl.t2b" -w "counter_counter_impl.ncd"  "counter_counter_impl.prf"


BITGEN: Bitstream Generator Diamond (64-bit) 3.11.0.396.4
Copyright (c) 1991-1994 by NeoCAD Inc. All rights reserved.
Copyright (c) 1995 AT&T Corp.   All rights reserved.
Copyright (c) 1995-2001 Lucent Technologies Inc.  All rights reserved.
Copyright (c) 2001 Agere Systems   All rights reserved.
Copyright (c) 2002-2019 Lattice Semiconductor Corporation,  All rights reserved.


Loading design for application Bitgen from file counter_counter_impl.ncd.
Design name: led
NCD version: 3.3
Vendor:      LATTICE
Device:      LCMXO2-7000HE
Package:     TQFP144
Performance: 4
Loading device for application Bitgen from file 'xo2c7000.nph' in environment: C:/lscc/diamond/3.11_x64/ispfpga.
Package Status:                     Final          Version 1.39.
Performance Hardware Data Status:   Final          Version 34.4.

Running DRC.
DRC detected 0 errors and 0 warnings.
Reading Preference File from counter_counter_impl.prf.

Preference Summary:
+---------------------------------+---------------------------------+
|  Preference                     |  Current Setting                |
+---------------------------------+---------------------------------+
|                         RamCfg  |                        Reset**  |
+---------------------------------+---------------------------------+
|                     MCCLK_FREQ  |                         2.08**  |
+---------------------------------+---------------------------------+
|                  CONFIG_SECURE  |                          OFF**  |
+---------------------------------+---------------------------------+
|                          INBUF  |                           ON**  |
+---------------------------------+---------------------------------+
|                      JTAG_PORT  |                       ENABLE**  |
+---------------------------------+---------------------------------+
|                       SDM_PORT  |                      DISABLE**  |
+---------------------------------+---------------------------------+
|                 SLAVE_SPI_PORT  |                      DISABLE**  |
+---------------------------------+---------------------------------+
|                MASTER_SPI_PORT  |                      DISABLE**  |
+---------------------------------+---------------------------------+
|                       I2C_PORT  |                      DISABLE**  |
+---------------------------------+---------------------------------+
|        MUX_CONFIGURATION_PORTS  |                      DISABLE**  |
+---------------------------------+---------------------------------+
|                  CONFIGURATION  |                          CFG**  |
+---------------------------------+---------------------------------+
|                COMPRESS_CONFIG  |                           ON**  |
+---------------------------------+---------------------------------+
|                        MY_ASSP  |                          OFF**  |
+---------------------------------+---------------------------------+
|               ONE_TIME_PROGRAM  |                          OFF**  |
+---------------------------------+---------------------------------+
|                 ENABLE_TRANSFR  |                      DISABLE**  |
+---------------------------------+---------------------------------+
|                  SHAREDEBRINIT  |                      DISABLE**  |
+---------------------------------+---------------------------------+
|            BACKGROUND_RECONFIG  |                          OFF**  |
+---------------------------------+---------------------------------+
 *  Default setting.
 ** The specified setting matches the default setting.


Creating bit map...
 
Bitstream Status: Final           Version 1.95.
 
Saving bit stream in "counter_counter_impl.bit".
Total CPU Time: 2 secs 
Total REAL Time: 3 secs 
Peak Memory Usage: 289 MB

tmcheck -par "counter_counter_impl.par" 

bitgen -f "counter_counter_impl.t2b" -w "counter_counter_impl.ncd"  -jedec "counter_counter_impl.prf"


BITGEN: Bitstream Generator Diamond (64-bit) 3.11.0.396.4
Copyright (c) 1991-1994 by NeoCAD Inc. All rights reserved.
Copyright (c) 1995 AT&T Corp.   All rights reserved.
Copyright (c) 1995-2001 Lucent Technologies Inc.  All rights reserved.
Copyright (c) 2001 Agere Systems   All rights reserved.
Copyright (c) 2002-2019 Lattice Semiconductor Corporation,  All rights reserved.


Loading design for application Bitgen from file counter_counter_impl.ncd.
Design name: led
NCD version: 3.3
Vendor:      LATTICE
Device:      LCMXO2-7000HE
Package:     TQFP144
Performance: 4
Loading device for application Bitgen from file 'xo2c7000.nph' in environment: C:/lscc/diamond/3.11_x64/ispfpga.
Package Status:                     Final          Version 1.39.
Performance Hardware Data Status:   Final          Version 34.4.

Running DRC.
DRC detected 0 errors and 0 warnings.
Reading Preference File from counter_counter_impl.prf.

Preference Summary:
+---------------------------------+---------------------------------+
|  Preference                     |  Current Setting                |
+---------------------------------+---------------------------------+
|                         RamCfg  |                        Reset**  |
+---------------------------------+---------------------------------+
|                     MCCLK_FREQ  |                         2.08**  |
+---------------------------------+---------------------------------+
|                  CONFIG_SECURE  |                          OFF**  |
+---------------------------------+---------------------------------+
|                          INBUF  |                           ON**  |
+---------------------------------+---------------------------------+
|                      JTAG_PORT  |                       ENABLE**  |
+---------------------------------+---------------------------------+
|                       SDM_PORT  |                      DISABLE**  |
+---------------------------------+---------------------------------+
|                 SLAVE_SPI_PORT  |                      DISABLE**  |
+---------------------------------+---------------------------------+
|                MASTER_SPI_PORT  |                      DISABLE**  |
+---------------------------------+---------------------------------+
|                       I2C_PORT  |                      DISABLE**  |
+---------------------------------+---------------------------------+
|        MUX_CONFIGURATION_PORTS  |                      DISABLE**  |
+---------------------------------+---------------------------------+
|                  CONFIGURATION  |                          CFG**  |
+---------------------------------+---------------------------------+
|                COMPRESS_CONFIG  |                           ON**  |
+---------------------------------+---------------------------------+
|                        MY_ASSP  |                          OFF**  |
+---------------------------------+---------------------------------+
|               ONE_TIME_PROGRAM  |                          OFF**  |
+---------------------------------+---------------------------------+
|                 ENABLE_TRANSFR  |                      DISABLE**  |
+---------------------------------+---------------------------------+
|                  SHAREDEBRINIT  |                      DISABLE**  |
+---------------------------------+---------------------------------+
|            BACKGROUND_RECONFIG  |                          OFF**  |
+---------------------------------+---------------------------------+
 *  Default setting.
 ** The specified setting matches the default setting.


Creating bit map...
 
Bitstream Status: Final           Version 1.95.
 
Saving bit stream in "counter_counter_impl.jed".
 
===========
UFM Summary.
===========
UFM Size:        2046 Pages (128*2046 Bits).
UFM Utilization: General Purpose Flash Memory.
 
Available General Purpose Flash Memory: 2046 Pages (Page 0 to Page 2045).
Initialized UFM Pages:                     0 Page.
 
Total CPU Time: 2 secs 
Total REAL Time: 3 secs 
Peak Memory Usage: 289 MB
