
             Lattice Mapping Report File for Design Module 'led'


Design Information
------------------

Command line:   map -a MachXO2 -p LCMXO2-7000HE -t TQFP144 -s 4 -oc Industrial
     counter_counter_impl.ngd -o counter_counter_impl_map.ncd -pr
     counter_counter_impl.prf -mp counter_counter_impl.mrp -lpf C:/Users/Eduard/
     Documents/GitHub/fpga/counter/counter_impl/counter_counter_impl.lpf -lpf
     C:/Users/Eduard/Documents/GitHub/fpga/counter/counter.lpf -c 0 -gui 
Target Vendor:  LATTICE
Target Device:  LCMXO2-7000HETQFP144
Target Performance:   4
Mapper:  xo2c00,  version:  Diamond (64-bit) 3.11.0.396.4
Mapped on:  09/20/20  00:19:34

Design Summary
--------------

   Number of registers:     40 out of  7209 (1%)
      PFU registers:           40 out of  6864 (1%)
      PIO registers:            0 out of   345 (0%)
   Number of SLICEs:        20 out of  3432 (1%)
      SLICEs as Logic/ROM:     20 out of  3432 (1%)
      SLICEs as RAM:            0 out of  2574 (0%)
      SLICEs as Carry:         17 out of  3432 (0%)
   Number of LUT4s:         34 out of  6864 (0%)
      Number used as logic LUTs:          0
      Number used as distributed RAM:     0
      Number used as ripple logic:       34
      Number used as shift registers:     0
   Number of PIO sites used: 9 + 4(JTAG) out of 115 (11%)
   Number of block RAMs:  0 out of 26 (0%)
   Number of GSRs:        0 out of 1 (0%)
   EFB used :        No
   JTAG used :       No
   Readback used :   No
   Oscillator used : No
   Startup used :    No
   POR :             On
   Bandgap :         On
   Number of Power Controller:  0 out of 1 (0%)
   Number of Dynamic Bank Controller (BCINRD):  0 out of 6 (0%)
   Number of Dynamic Bank Controller (BCLVDSO):  0 out of 1 (0%)
   Number of DCCA:  0 out of 8 (0%)
   Number of DCMA:  0 out of 2 (0%)
   Number of PLLs:  0 out of 2 (0%)
   Number of DQSDLLs:  0 out of 2 (0%)
   Number of CLKDIVC:  0 out of 4 (0%)
   Number of ECLKSYNCA:  0 out of 4 (0%)
   Number of ECLKBRIDGECS:  0 out of 2 (0%)
   Notes:-
      1. Total number of LUT4s = (Number of logic LUT4s) + 2*(Number of
     distributed RAMs) + 2*(Number of ripple logic)
      2. Number of logic LUT4s does not include count of distributed RAM and
     ripple logic.
   Number of clocks:  1
     Net clk_c: 20 loads, 20 rising, 0 falling (Driver: PIO clk )
   Number of Clock Enables:  0
   Number of LSRs:  0

                                    Page 1




Design:  led                                           Date:  09/20/20  00:19:34

Design Summary (cont)
---------------------
   Number of nets driven by tri-state buffers:  0
   Top 10 highest fanout non-clock nets:
     Net leds_7_N_1_24: 2 loads
     Net leds_7_N_1_25: 2 loads
     Net leds_7_N_1_26: 2 loads
     Net leds_7_N_1_27: 2 loads
     Net leds_7_N_1_28: 2 loads
     Net leds_7_N_1_29: 2 loads
     Net leds_7_N_1_30: 2 loads
     Net leds_7_N_1_31: 2 loads
     Net count_1: 1 loads
     Net count_2: 1 loads




   Number of warnings:  0
   Number of errors:    0
     

Design Errors/Warnings
----------------------

   No errors or warnings present.

IO (PIO) Attributes
-------------------

+---------------------+-----------+-----------+------------+
| IO Name             | Direction | Levelmode | IO         |
|                     |           |  IO_TYPE  | Register   |
+---------------------+-----------+-----------+------------+
| leds[7]             | OUTPUT    | LVCMOS25  |            |
+---------------------+-----------+-----------+------------+
| leds[6]             | OUTPUT    | LVCMOS25  |            |
+---------------------+-----------+-----------+------------+
| leds[5]             | OUTPUT    | LVCMOS25  |            |
+---------------------+-----------+-----------+------------+
| leds[4]             | OUTPUT    | LVCMOS25  |            |
+---------------------+-----------+-----------+------------+
| leds[3]             | OUTPUT    | LVCMOS25  |            |
+---------------------+-----------+-----------+------------+
| leds[2]             | OUTPUT    | LVCMOS25  |            |
+---------------------+-----------+-----------+------------+
| leds[1]             | OUTPUT    | LVCMOS25  |            |
+---------------------+-----------+-----------+------------+
| leds[0]             | OUTPUT    | LVCMOS25  |            |
+---------------------+-----------+-----------+------------+
| clk                 | INPUT     | LVCMOS25  |            |
+---------------------+-----------+-----------+------------+

Removed logic
-------------

Block i2 undriven or does not drive anything - clipped.
Block GSR_INST undriven or does not drive anything - clipped.

                                    Page 2




Design:  led                                           Date:  09/20/20  00:19:34

Removed logic (cont)
--------------------
Signal GND_net undriven or does not drive anything - clipped.
Signal VCC_net undriven or does not drive anything - clipped.
Signal add_14_33/S1 undriven or does not drive anything - clipped.
Signal add_14_33/CO undriven or does not drive anything - clipped.
Signal add_14_1/S0 undriven or does not drive anything - clipped.
Signal add_14_1/CI undriven or does not drive anything - clipped.
Block i1 was optimized away.

     

Run Time and Memory Usage
-------------------------

   Total CPU Time: 0 secs  
   Total REAL Time: 0 secs  
   Peak Memory Usage: 58 MB
        








































                                    Page 3


Copyright (c) 1991-1994 by NeoCAD Inc. All rights reserved.
     Copyright (c) 1995 AT&T Corp.   All rights reserved.
     Copyright (c) 1995-2001 Lucent Technologies Inc.  All rights reserved.
     Copyright (c) 2001 Agere Systems   All rights reserved.
     Copyright (c) 2002-2019 Lattice Semiconductor Corporation,  All rights
     reserved.
